timestamp: 2016-03-28T16:54:21.179297
CREATE TABLE auth_user(
    id INTEGER PRIMARY KEY AUTOINCREMENT,
    first_name CHAR(128),
    last_name CHAR(128),
    email CHAR(512),
    password CHAR(512),
    registration_key CHAR(512),
    reset_password_key CHAR(512),
    registration_id CHAR(512)
);
success!
timestamp: 2016-03-28T16:54:21.216315
CREATE TABLE auth_group(
    id INTEGER PRIMARY KEY AUTOINCREMENT,
    role CHAR(512),
    description TEXT
);
success!
timestamp: 2016-03-28T16:54:21.220542
CREATE TABLE auth_membership(
    id INTEGER PRIMARY KEY AUTOINCREMENT,
    user_id INTEGER REFERENCES auth_user (id) ON DELETE CASCADE  ,
    group_id INTEGER REFERENCES auth_group (id) ON DELETE CASCADE  
);
success!
timestamp: 2016-03-28T16:54:21.229128
CREATE TABLE auth_permission(
    id INTEGER PRIMARY KEY AUTOINCREMENT,
    group_id INTEGER REFERENCES auth_group (id) ON DELETE CASCADE  ,
    name CHAR(512),
    table_name CHAR(512),
    record_id INTEGER
);
success!
timestamp: 2016-03-28T16:54:21.252135
CREATE TABLE auth_event(
    id INTEGER PRIMARY KEY AUTOINCREMENT,
    time_stamp TIMESTAMP,
    client_ip CHAR(512),
    user_id INTEGER REFERENCES auth_user (id) ON DELETE CASCADE  ,
    origin CHAR(512),
    description TEXT
);
success!
timestamp: 2016-03-28T16:54:21.261538
CREATE TABLE auth_cas(
    id INTEGER PRIMARY KEY AUTOINCREMENT,
    user_id INTEGER REFERENCES auth_user (id) ON DELETE CASCADE  ,
    created_on TIMESTAMP,
    service CHAR(512),
    ticket CHAR(512),
    renew CHAR(1)
);
success!
timestamp: 2016-03-28T17:54:27.991296
CREATE TABLE recipe(
    id INTEGER PRIMARY KEY AUTOINCREMENT,
    title CHAR(512),
    image CHAR(512),
    ingredients TEXT,
    body TEXT,
    is_active CHAR(1),
    created_on TIMESTAMP,
    created_by INTEGER REFERENCES auth_user (id) ON DELETE CASCADE  ,
    modified_on TIMESTAMP,
    modified_by INTEGER REFERENCES auth_user (id) ON DELETE CASCADE  
);
success!
timestamp: 2016-03-28T17:54:51.010791
CREATE TABLE response(
    id INTEGER PRIMARY KEY AUTOINCREMENT,
    rcp_id INTEGER REFERENCES recipe (id) ON DELETE CASCADE  ,
    responses TEXT,
    is_active CHAR(1),
    created_on TIMESTAMP,
    created_by INTEGER REFERENCES auth_user (id) ON DELETE CASCADE  ,
    modified_on TIMESTAMP,
    modified_by INTEGER REFERENCES auth_user (id) ON DELETE CASCADE  
);
success!
timestamp: 2016-03-28T17:54:51.016497
CREATE TABLE likes(
    id INTEGER PRIMARY KEY AUTOINCREMENT,
    rcp_id INTEGER REFERENCES recipe (id) ON DELETE CASCADE  ,
    is_active CHAR(1),
    created_on TIMESTAMP,
    created_by INTEGER REFERENCES auth_user (id) ON DELETE CASCADE  ,
    modified_on TIMESTAMP,
    modified_by INTEGER REFERENCES auth_user (id) ON DELETE CASCADE  
);
success!
timestamp: 2016-03-29T12:31:40.554722
ALTER TABLE recipe ADD user_id INTEGER REFERENCES auth_user (id) ON DELETE CASCADE  ;
success!
timestamp: 2016-03-29T14:42:03.469812
ALTER TABLE recipe ADD cuisine CHAR(512);
timestamp: 2016-03-29T14:42:03.475749
ALTER TABLE recipe ADD duration CHAR(512);
success!
timestamp: 2016-03-29T18:47:33.480171
ALTER TABLE recipe ADD classer CHAR(512);
success!
timestamp: 2016-03-29T18:51:23.199326
ALTER TABLE recipe ADD image3 CHAR(512);
timestamp: 2016-03-29T18:51:23.201136
ALTER TABLE recipe ADD image2 CHAR(512);
success!
timestamp: 2016-03-29T20:09:10.840361
CREATE TABLE one_time(
    id INTEGER PRIMARY KEY AUTOINCREMENT,
    recipe_id INTEGER REFERENCES recipe (id) ON DELETE CASCADE  ,
    username INTEGER REFERENCES auth_user (id) ON DELETE CASCADE  
);
success!
timestamp: 2016-03-29T20:24:19.579078
ALTER TABLE recipe ADD votes INTEGER;
success!
success!
success!
success!
success!
success!
timestamp: 2016-03-29T20:39:20.078463
CREATE TABLE recipe_likes(
    id INTEGER PRIMARY KEY AUTOINCREMENT,
    recipe INTEGER REFERENCES recipe (id) ON DELETE CASCADE  ,
    liked_by INTEGER REFERENCES auth_user (id) ON DELETE CASCADE  
);
success!
success!
success!
success!
success!
success!
success!
success!
success!
success!
success!
success!
success!
success!
success!
success!
success!
success!
success!
success!
success!
success!
success!
success!
success!
success!
success!
success!
success!
success!
success!
success!
success!
success!
success!
success!
success!
success!
success!
success!
success!
success!
success!
success!
success!
success!
success!
success!
success!
success!
success!
success!
success!
success!
success!
success!
success!
success!
success!
success!
success!
success!
success!
success!
success!
success!
success!
success!
success!
success!
success!
success!
success!
success!
success!
success!
success!
success!
success!
success!
success!
success!
success!
success!
success!
success!
success!
success!
success!
success!
success!
success!
success!
success!
success!
success!
success!
success!
success!
success!
success!
success!
success!
success!
success!
success!
success!
success!
success!
success!
success!
success!
success!
success!
success!
success!
success!
success!
success!
success!
success!
success!
success!
success!
success!
success!
success!
success!
success!
success!
success!
success!
success!
success!
success!
success!
success!
success!
success!
success!
success!
success!
success!
success!
success!
success!
success!
success!
success!
success!
success!
success!
success!
success!
success!
success!
success!
success!
success!
success!
success!
success!
success!
success!
success!
success!
success!
success!
success!
success!
success!
success!
success!
success!
success!
success!
success!
success!
success!
success!
success!
success!
success!
success!
success!
success!
success!
success!
success!
success!
success!
success!
success!
success!
success!
success!
success!
success!
success!
success!
success!
success!
success!
success!
success!
success!
success!
success!
success!
success!
success!
success!
