[2016-03-28 16:52:44] START
[2016-03-28 16:59:56] EDIT CookPad/controllers/default.py: -7
[2016-03-28 17:00:46] EDIT CookPad/views/default/index.html: 114
[2016-03-28 17:02:32] EDIT CookPad/controllers/default.py: 0
[2016-03-28 17:08:18] EDIT CookPad/views/default/index.html: 3
[2016-03-28 17:34:39] EDIT CookPad/models/db.py: 9
[2016-03-28 17:38:16] EDIT CookPad/models/db.py: 0
[2016-03-28 17:42:24] EDIT CookPad/controllers/default.py: 3
[2016-03-28 17:43:11] CREATE default/list.html: 0
[2016-03-28 17:43:43] EDIT CookPad/views/default/list.html: 0
[2016-03-28 17:44:48] EDIT CookPad/views/default/list.html: -1
[2016-03-28 17:47:45] EDIT CookPad/models/db.py: 1
[2016-03-28 17:47:55] EDIT CookPad/models/db.py: 0
[2016-03-28 17:47:56] EDIT CookPad/models/db.py: 0
[2016-03-28 17:47:56] EDIT CookPad/models/db.py: 0
[2016-03-28 17:47:56] EDIT CookPad/models/db.py: 0
[2016-03-28 17:47:56] EDIT CookPad/models/db.py: 0
[2016-03-28 17:47:57] EDIT CookPad/models/db.py: 0
[2016-03-28 17:47:57] EDIT CookPad/models/db.py: 0
[2016-03-28 17:51:23] EDIT CookPad/models/db.py: 0
[2016-03-28 17:52:03] EDIT CookPad/models/db.py: 1
[2016-03-28 17:53:47] EDIT CookPad/models/db.py: -3
[2016-03-28 17:54:25] EDIT CookPad/models/db.py: 0
[2016-03-28 17:54:48] EDIT CookPad/models/db.py: 0
[2016-03-28 17:57:33] CREATE default/upload.html: 0
[2016-03-28 18:03:50] EDIT CookPad/views/default/upload.html: 0
[2016-03-28 18:05:11] EDIT CookPad/controllers/default.py: 3
[2016-03-28 18:07:05] EDIT CookPad/controllers/default.py: 0
[2016-03-28 18:08:10] EDIT CookPad/views/default/upload.html: 0
[2016-03-28 18:12:49] EDIT CookPad/views/default/list.html: 4
[2016-03-28 18:14:42] EDIT CookPad/views/default/list.html: 0
[2016-03-28 18:16:18] EDIT CookPad/views/default/list.html: 0
[2016-03-28 18:16:18] EDIT CookPad/views/default/list.html: 0
[2016-03-28 18:18:02] EDIT CookPad/views/default/list.html: 0
[2016-03-28 18:27:03] EDIT CookPad/controllers/default.py: 8
[2016-03-28 18:28:18] EDIT CookPad/controllers/default.py: 2
[2016-03-28 18:28:21] EDIT CookPad/controllers/default.py: 0
[2016-03-28 18:29:46] EDIT CookPad/controllers/default.py: 0
[2016-03-28 18:31:59] EDIT CookPad/controllers/default.py: 0
[2016-03-28 18:33:21] EDIT CookPad/controllers/default.py: 0
[2016-03-28 18:33:57] EDIT CookPad/controllers/default.py: 0
[2016-03-28 18:34:23] CREATE default/show.html: 0
[2016-03-28 18:40:31] EDIT CookPad/views/default/show.html: 8
[2016-03-28 18:42:05] EDIT CookPad/views/default/show.html: 0
[2016-03-28 18:45:44] EDIT CookPad/views/default/show.html: 6
[2016-03-28 18:47:46] EDIT CookPad/views/default/show.html: 5
[2016-03-28 18:48:08] EDIT CookPad/views/default/show.html: 0
[2016-03-28 18:48:30] EDIT CookPad/views/default/show.html: 0
[2016-03-28 19:09:47] EDIT CookPad/views/default/list.html: 12
[2016-03-28 19:11:49] EDIT CookPad/views/default/list.html: 0
[2016-03-28 19:12:47] EDIT CookPad/views/default/list.html: 0
[2016-03-28 19:13:35] EDIT CookPad/views/default/list.html: 0
[2016-03-28 20:25:08] EDIT CookPad/controllers/default.py: 6
[2016-03-28 20:25:10] EDIT CookPad/views/default/list.html: 3
[2016-03-28 20:27:02] EDIT CookPad/views/default/list.html: 0
[2016-03-28 20:27:04] EDIT CookPad/views/default/list.html: 0
[2016-03-28 20:28:01] EDIT CookPad/views/default/list.html: 0
[2016-03-28 20:34:23] EDIT CookPad/views/default/list.html: 5
[2016-03-28 20:34:47] EDIT CookPad/views/default/list.html: 3
[2016-03-28 20:35:08] EDIT CookPad/views/default/list.html: 3
[2016-03-28 20:36:35] EDIT CookPad/views/default/list.html: -5
[2016-03-28 20:44:46] EDIT CookPad/views/default/index.html: 3
[2016-03-28 20:47:10] EDIT CookPad/views/default/index.html: 0
[2016-03-28 20:50:29] EDIT CookPad/views/default/index.html: 0
[2016-03-28 20:50:53] EDIT CookPad/views/default/index.html: 0
[2016-03-28 20:52:43] EDIT CookPad/views/default/index.html: 0
[2016-03-28 20:53:11] EDIT CookPad/views/default/index.html: -17
[2016-03-28 20:54:53] EDIT CookPad/views/default/list.html: 0
[2016-03-28 20:55:31] EDIT CookPad/views/default/list.html: 0
[2016-03-28 20:59:28] EDIT CookPad/views/default/list.html: 54
[2016-03-28 21:02:51] EDIT CookPad/views/default/list.html: 8
[2016-03-28 21:04:24] EDIT CookPad/views/default/list.html: -2
[2016-03-28 21:07:16] EDIT CookPad/views/default/upload.html: 52
[2016-03-28 21:07:27] EDIT CookPad/views/default/upload.html: 0
[2016-03-28 21:08:19] EDIT CookPad/views/default/upload.html: 0
[2016-03-28 21:09:17] EDIT CookPad/views/default/list.html: 0
[2016-03-28 21:09:25] EDIT CookPad/views/default/list.html: 0
[2016-03-28 21:09:38] EDIT CookPad/views/default/list.html: 0
[2016-03-28 21:10:44] EDIT CookPad/views/default/list.html: 0
[2016-03-28 21:10:58] EDIT CookPad/views/default/upload.html: 0
[2016-03-28 21:12:45] EDIT CookPad/views/default/upload.html: -49
[2016-03-28 21:13:39] EDIT CookPad/views/default/list.html: -8
[2016-03-28 21:19:00] EDIT CookPad/views/default/list.html: 13
[2016-03-28 21:20:00] EDIT CookPad/views/default/list.html: -1
[2016-03-28 21:21:25] EDIT CookPad/views/default/list.html: 1
[2016-03-28 21:25:18] EDIT CookPad/views/default/list.html: 0
[2016-03-28 21:30:31] EDIT CookPad/views/layout.html: 5
[2016-03-28 21:31:28] EDIT CookPad/views/layout.html: -10
[2016-03-28 21:32:07] EDIT CookPad/views/layout.html: -9
[2016-03-28 21:33:17] EDIT CookPad/views/default/list.html: 1
[2016-03-28 21:33:46] EDIT CookPad/views/default/list.html: 1
[2016-03-28 21:34:02] EDIT CookPad/views/default/list.html: 1
[2016-03-28 21:34:32] EDIT CookPad/views/default/list.html: 0
[2016-03-28 21:36:10] EDIT CookPad/views/default/list.html: 0
[2016-03-28 21:36:41] EDIT CookPad/views/default/list.html: -1
[2016-03-28 21:37:00] EDIT CookPad/views/default/list.html: 0
[2016-03-28 21:38:22] EDIT CookPad/views/default/list.html: 2
[2016-03-28 21:39:12] EDIT CookPad/views/default/list.html: 3
[2016-03-28 21:40:23] EDIT CookPad/views/default/list.html: 4
[2016-03-28 21:41:01] EDIT CookPad/views/default/list.html: 0
[2016-03-28 21:41:58] EDIT CookPad/views/default/list.html: 0
[2016-03-28 21:45:13] EDIT CookPad/views/default/list.html: 1
[2016-03-28 22:32:12] EDIT CookPad/views/default/list.html: 0
[2016-03-28 22:32:34] EDIT CookPad/views/default/list.html: 0
[2016-03-28 22:33:23] EDIT CookPad/views/default/list.html: 0
[2016-03-28 22:38:37] EDIT CookPad/views/default/upload.html: 66
[2016-03-28 22:43:51] EDIT CookPad/views/default/user.html: 0
[2016-03-28 22:46:10] EDIT CookPad/models/db.py: 1
[2016-03-28 22:57:10] EDIT CookPad/views/default/user.html: 0
[2016-03-28 22:58:15] EDIT CookPad/controllers/default.py: 4
[2016-03-28 22:58:35] CREATE default/manage.html: 0
[2016-03-28 22:59:17] EDIT CookPad/views/default/manage.html: 0
[2016-03-28 23:03:49] EDIT CookPad/models/db.py: 0
[2016-03-29 11:11:38] EDIT CookPad/views/default/list.html: 0
[2016-03-29 11:16:26] EDIT CookPad/views/default/show.html: 5
[2016-03-29 11:16:59] EDIT CookPad/views/default/show.html: 2
[2016-03-29 11:18:32] EDIT CookPad/views/default/index.html: 0
[2016-03-29 11:19:16] EDIT CookPad/views/default/upload.html: 0
[2016-03-29 11:21:12] EDIT CookPad/views/default/upload.html: 0
[2016-03-29 11:21:27] EDIT CookPad/views/default/index.html: 0
[2016-03-29 11:23:08] EDIT CookPad/views/default/show.html: 0
[2016-03-29 11:25:26] EDIT CookPad/views/default/show.html: 0
[2016-03-29 11:25:48] EDIT CookPad/views/default/show.html: 0
[2016-03-29 11:27:28] EDIT CookPad/views/default/show.html: 0
[2016-03-29 11:27:40] EDIT CookPad/views/default/show.html: 0
[2016-03-29 11:27:58] EDIT CookPad/views/default/show.html: 0
[2016-03-29 11:29:02] EDIT CookPad/views/default/list.html: 0
[2016-03-29 11:29:53] EDIT CookPad/views/default/list.html: 1
[2016-03-29 11:30:08] EDIT CookPad/views/default/list.html: 0
[2016-03-29 11:30:24] EDIT CookPad/views/default/list.html: 0
[2016-03-29 11:30:29] EDIT CookPad/views/default/show.html: 0
[2016-03-29 11:30:32] EDIT CookPad/views/default/upload.html: 0
[2016-03-29 11:54:25] EDIT CookPad/views/default/index.html: 3
[2016-03-29 11:55:03] EDIT CookPad/views/default/list.html: 3
[2016-03-29 11:55:20] EDIT CookPad/views/default/upload.html: 3
[2016-03-29 11:56:09] EDIT CookPad/views/default/upload.html: 0
[2016-03-29 11:58:24] EDIT CookPad/views/default/show.html: 2
[2016-03-29 12:12:19] EDIT CookPad/controllers/default.py: 0
[2016-03-29 12:13:45] EDIT CookPad/controllers/default.py: 0
[2016-03-29 12:16:44] EDIT CookPad/views/default/index.html: 3
[2016-03-29 12:17:06] EDIT CookPad/views/default/list.html: 3
[2016-03-29 12:18:15] EDIT CookPad/views/default/upload.html: 3
[2016-03-29 12:19:29] CREATE default/myrecipe.html: 0
[2016-03-29 12:19:42] EDIT CookPad/views/default/index.html: 0
[2016-03-29 12:20:05] EDIT CookPad/views/default/list.html: 0
[2016-03-29 12:20:18] EDIT CookPad/views/default/upload.html: 0
[2016-03-29 12:20:22] EDIT CookPad/views/default/show.html: 0
[2016-03-29 12:31:09] EDIT CookPad/models/db.py: 2
[2016-03-29 12:31:30] EDIT CookPad/views/default/myrecipe.html: 108
[2016-03-29 12:32:35] EDIT CookPad/models/db.py: 0
[2016-03-29 12:33:19] EDIT CookPad/models/db.py: 0
[2016-03-29 12:36:32] EDIT CookPad/controllers/default.py: 9
[2016-03-29 12:37:18] EDIT CookPad/controllers/default.py: 0
[2016-03-29 12:38:19] EDIT CookPad/controllers/default.py: 0
[2016-03-29 12:41:55] EDIT CookPad/controllers/default.py: 0
[2016-03-29 12:42:14] EDIT CookPad/controllers/default.py: 0
[2016-03-29 12:42:29] EDIT CookPad/controllers/default.py: 0
[2016-03-29 12:45:06] EDIT CookPad/views/default/myrecipe.html: 0
[2016-03-29 12:50:12] EDIT CookPad/controllers/default.py: 0
[2016-03-29 12:51:35] EDIT CookPad/views/default/myrecipe.html: 0
[2016-03-29 12:51:37] EDIT CookPad/views/default/myrecipe.html: 0
[2016-03-29 12:52:52] EDIT CookPad/views/default/myrecipe.html: -1
[2016-03-29 12:53:31] EDIT CookPad/views/default/myrecipe.html: 0
[2016-03-29 13:47:21] EDIT CookPad/views/default/show.html: 0
[2016-03-29 13:48:03] EDIT CookPad/views/default/show.html: 0
[2016-03-29 13:49:16] EDIT CookPad/views/default/show.html: 0
[2016-03-29 13:49:47] EDIT CookPad/views/default/show.html: 0
[2016-03-29 13:50:44] EDIT CookPad/views/default/show.html: 0
[2016-03-29 14:12:47] CREATE default/usermanage.html: 0
[2016-03-29 14:14:35] EDIT CookPad/controllers/default.py: 7
[2016-03-29 14:14:56] EDIT CookPad/controllers/default.py: 0
[2016-03-29 14:17:01] EDIT CookPad/views/default/myrecipe.html: 0
[2016-03-29 14:17:35] EDIT CookPad/views/default/myrecipe.html: 0
[2016-03-29 14:19:07] EDIT CookPad/views/default/myrecipe.html: 0
[2016-03-29 14:19:10] EDIT CookPad/views/default/myrecipe.html: 0
[2016-03-29 14:20:00] EDIT CookPad/views/default/index.html: 3
[2016-03-29 14:20:14] EDIT CookPad/views/default/list.html: 3
[2016-03-29 14:20:28] EDIT CookPad/views/default/myrecipe.html: 3
[2016-03-29 14:21:01] EDIT CookPad/views/default/upload.html: 3
[2016-03-29 14:23:10] EDIT CookPad/views/default/myrecipe.html: 0
[2016-03-29 14:23:40] EDIT CookPad/views/default/myrecipe.html: 0
[2016-03-29 14:25:25] EDIT CookPad/views/default/show.html: 0
[2016-03-29 14:26:21] EDIT CookPad/views/default/show.html: 14
[2016-03-29 14:26:57] EDIT CookPad/views/default/show.html: 0
[2016-03-29 14:27:31] EDIT CookPad/views/default/show.html: 0
[2016-03-29 14:27:54] EDIT CookPad/views/default/show.html: 0
[2016-03-29 14:28:14] EDIT CookPad/views/default/show.html: 0
[2016-03-29 14:28:34] EDIT CookPad/views/default/show.html: 0
[2016-03-29 14:29:16] EDIT CookPad/views/default/show.html: 0
[2016-03-29 14:29:42] EDIT CookPad/views/default/show.html: 0
[2016-03-29 14:29:54] EDIT CookPad/views/default/show.html: 0
[2016-03-29 14:30:10] EDIT CookPad/views/default/show.html: 0
[2016-03-29 14:41:43] EDIT CookPad/models/db.py: 2
[2016-03-29 14:42:38] EDIT CookPad/models/db.py: 0
[2016-03-29 14:49:37] EDIT CookPad/views/default/show.html: 3
[2016-03-29 14:50:08] EDIT CookPad/views/default/show.html: 3
[2016-03-29 14:51:38] EDIT CookPad/views/default/show.html: 0
[2016-03-29 15:35:04] EDIT CookPad/controllers/default.py: 0
[2016-03-29 15:36:06] EDIT CookPad/views/default/show.html: 68
[2016-03-29 15:39:25] EDIT CookPad/controllers/default.py: 0
[2016-03-29 16:05:03] EDIT CookPad_Working/views/default/index.html: 0
[2016-03-29 16:05:23] EDIT CookPad_Working/views/default/index.html: 0
[2016-03-29 16:07:57] EDIT CookPad_Working/views/default/list.html: 0
[2016-03-29 16:08:39] EDIT CookPad_Working/views/default/myrecipe.html: 0
[2016-03-29 16:09:22] EDIT CookPad_Working/views/default/show.html: 0
[2016-03-29 16:09:41] EDIT CookPad_Working/views/default/upload.html: 0
[2016-03-29 16:10:19] EDIT CookPad_Working/views/default/usermanage.html: -1
[2016-03-29 16:17:20] EDIT CookPad_Working/views/default/index.html: 0
[2016-03-29 16:19:36] EDIT CookPad_Working/views/default/show.html: 0
[2016-03-29 16:20:15] EDIT CookPad_Working/views/default/show.html: 0
[2016-03-29 16:21:46] EDIT CookPad_Working/views/default/show.html: 0
[2016-03-29 16:37:24] EDIT CookPad_Working/views/default/myrecipe.html: 3
[2016-03-29 16:39:01] EDIT CookPad_Working/views/default/myrecipe.html: 3
[2016-03-29 16:39:38] EDIT CookPad_Working/views/default/myrecipe.html: 0
[2016-03-29 16:39:52] EDIT CookPad_Working/views/default/myrecipe.html: 0
[2016-03-29 16:39:59] EDIT CookPad_Working/views/default/myrecipe.html: 1
[2016-03-29 16:41:34] EDIT CookPad_Working/views/default/usermanage.html: 0
[2016-03-29 18:46:51] EDIT CookPad_Working/models/db.py: 1
[2016-03-29 18:48:12] EDIT CookPad_Working/views/default/show.html: 3
[2016-03-29 18:51:20] EDIT CookPad_Working/models/db.py: 0
[2016-03-29 18:52:44] EDIT CookPad_Working/views/default/show.html: 11
[2016-03-29 18:54:34] EDIT CookPad_Working/views/default/show.html: 0
[2016-03-29 19:05:12] EDIT CookPad_Working/views/default/show.html: -10
[2016-03-29 19:06:15] EDIT CookPad_Working/views/default/show.html: 0
[2016-03-29 19:37:09] EDIT CookPad_Working/views/default/show.html: 13
[2016-03-29 19:42:11] EDIT CookPad_Working/models/db.py: 2
[2016-03-29 19:43:24] EDIT CookPad_Working/models/db.py: -1
[2016-03-29 19:43:41] EDIT CookPad_Working/models/db.py: 0
[2016-03-29 19:44:13] EDIT CookPad_Working/models/db.py: -1
[2016-03-29 19:44:39] EDIT CookPad_Working/controllers/default.py: 0
[2016-03-29 19:44:48] EDIT CookPad_Working/views/default/show.html: -13
[2016-03-29 19:45:05] EDIT CookPad_Working/models/db.py: -1
[2016-03-29 19:45:07] EDIT CookPad_Working/views/default/show.html: 0
[2016-03-29 19:45:09] EDIT CookPad_Working/controllers/default.py: 0
[2016-03-29 20:04:16] EDIT CookPad_Working/controllers/default.py: 9
[2016-03-29 20:06:37] EDIT CookPad_Working/views/default/show.html: 13
[2016-03-29 20:09:03] EDIT CookPad_Working/models/db.py: 1
[2016-03-29 20:09:06] EDIT CookPad_Working/views/default/show.html: 0
[2016-03-29 20:12:44] EDIT CookPad_Working/controllers/default.py: 0
[2016-03-29 20:24:12] EDIT CookPad_Working/models/db.py: 0
[2016-03-29 20:27:43] EDIT CookPad_Working/models/db.py: 0
[2016-03-29 20:29:36] EDIT CookPad_Working/models/db.py: 0
[2016-03-29 20:31:11] EDIT CookPad_Working/controllers/default.py: 0
[2016-03-29 20:34:14] EDIT CookPad_Working/controllers/default.py: -9
[2016-03-29 20:34:34] EDIT CookPad_Working/models/db.py: -1
[2016-03-29 20:34:54] EDIT CookPad_Working/views/default/show.html: -13
[2016-03-29 20:39:00] EDIT CookPad_Working/models/db.py: 3
[2016-03-29 20:39:41] EDIT CookPad_Working/controllers/default.py: 30
[2016-03-29 20:40:06] EDIT CookPad_Working/views/default/show.html: 5
[2016-03-29 20:52:05] EDIT CookPad_Working/controllers/default.py: -10
[2016-03-29 20:52:25] EDIT CookPad_Working/controllers/default.py: 0
[2016-03-29 20:52:31] EDIT CookPad_Working/controllers/default.py: 0
[2016-03-29 20:55:16] EDIT CookPad_Working/controllers/default.py: 0
[2016-03-29 20:57:18] EDIT CookPad_Working/controllers/default.py: 0
[2016-03-29 21:50:15] EDIT CookPad_Working/views/default/myrecipe.html: 0
[2016-03-29 21:50:28] EDIT CookPad_Working/views/default/list.html: 0
[2016-03-29 21:50:35] EDIT CookPad_Working/views/default/show.html: 0
